[INFO ] 2024-09-01 20:08:32.873 [main] TC_AccountRegistrationTest - ********Account Registration test cases started sucessufully.*********
[INFO ] 2024-09-01 20:08:39.919 [main] TC_AccountRegistrationTest - ********Registration commpleted sucessufully.*********
[INFO ] 2024-09-01 20:08:39.920 [main] TC_AccountRegistrationTest - ********Registration test cases executed successfully*********
[INFO ] 2024-09-01 20:10:04.712 [main] TC_AccountRegistrationTest - ********Account Registration test cases started sucessufully.*********
[INFO ] 2024-09-01 20:10:08.356 [main] TC_AccountRegistrationTest - ********Registration commpleted sucessufully.*********
[INFO ] 2024-09-01 20:10:08.356 [main] TC_AccountRegistrationTest - ********Registration test cases executed successfully*********
[INFO ] 2024-09-01 20:12:47.656 [main] TC_AccountRegistrationTest - ********Account Registration test cases started sucessufully.*********
[INFO ] 2024-09-01 20:12:50.852 [main] TC_AccountRegistrationTest - ********Registration commpleted sucessufully.*********
[INFO ] 2024-09-01 20:12:50.852 [main] TC_AccountRegistrationTest - ********Registration test cases executed successfully*********
[INFO ] 2024-09-01 20:13:10.901 [main] TC_AccountRegistrationTest - ********Account Registration test cases started sucessufully.*********
[INFO ] 2024-09-01 20:17:58.912 [main] TC_AccountRegistrationTest - ********Account Registration test cases started sucessufully.*********
[ERROR] 2024-09-01 20:18:00.319 [main] TC_AccountRegistrationTest - null
[ERROR] 2024-09-01 20:18:00.320 [main] TC_AccountRegistrationTest - Test Failed..
[DEBUG] 2024-09-01 20:18:00.320 [main] TC_AccountRegistrationTest - Debug logs..
[INFO ] 2024-09-01 22:07:39.248 [main] TC_AccountRegistrationTest - ********Account Registration test cases started sucessufully.*********
[INFO ] 2024-09-01 22:07:43.416 [main] TC_AccountRegistrationTest - ********Registration commpleted sucessufully.*********
[INFO ] 2024-09-01 22:07:43.416 [main] TC_AccountRegistrationTest - ********Registration test cases executed successfully*********
[INFO ] 2024-09-01 22:13:42.060 [TestNG-tests-1] TC_AccountRegistrationTest - ********Account Registration test cases started sucessufully.*********
[INFO ] 2024-09-01 22:13:46.448 [TestNG-tests-1] TC_AccountRegistrationTest - ********Registration commpleted sucessufully.*********
[INFO ] 2024-09-01 22:13:46.448 [TestNG-tests-1] TC_AccountRegistrationTest - ********Registration test cases executed successfully*********
[INFO ] 2024-09-01 22:30:52.448 [TestNG-tests-1] TC_AccountRegistrationTest - ********Account Registration test cases started sucessufully.*********
[INFO ] 2024-09-01 22:30:56.792 [TestNG-tests-1] TC_AccountRegistrationTest - ********Registration commpleted sucessufully.*********
[INFO ] 2024-09-01 22:30:56.792 [TestNG-tests-1] TC_AccountRegistrationTest - ********Registration test cases executed successfully*********
